<?xml version="1.0" encoding="UTF-8"?>
<testsuite xmlns:xsi="http://www.w3.org/2001/XMLSchema-instance" xsi:noNamespaceSchemaLocation="https://maven.apache.org/surefire/maven-surefire-plugin/xsd/surefire-test-report.xsd" name="lk.AppTest" time="3.634" tests="5" errors="0" skipped="0" failures="0">
  <properties>
[...]
</properties>
  <testcase name="mapper" classname="lk.AppTest" time="0.246"/>
  <testcase name="getUser" classname="lk.AppTest" time="0.002"/>
  <testcase name="log" classname="lk.AppTest" time="0.002"/>
  <testcase name="jdbc" classname="lk.AppTest" time="0.001"/>
  <testcase name="mapper2" classname="lk.AppTest" time="0.057"/>
</testsuite>